0 info it worked if it ends with ok
1 verbose cli [ 'C:\\Program Files\\nodejs\\node.exe',
1 verbose cli   'C:\\Program Files\\nodejs\\node_modules\\npm\\bin\\npm-cli.js',
1 verbose cli   'install',
1 verbose cli   '-g',
1 verbose cli   'node' ]
2 info using npm@3.10.10
3 info using node@v6.10.1
4 silly loadCurrentTree Starting
5 silly install loadCurrentTree
6 silly install readGlobalPackageData
7 silly fetchPackageMetaData node
8 silly fetchNamedPackageData node
9 silly mapToRegistry name node
10 silly mapToRegistry using default registry
11 silly mapToRegistry registry https://registry.npmjs.org/
12 silly mapToRegistry data Result {
12 silly mapToRegistry   raw: 'node',
12 silly mapToRegistry   scope: null,
12 silly mapToRegistry   escapedName: 'node',
12 silly mapToRegistry   name: 'node',
12 silly mapToRegistry   rawSpec: '',
12 silly mapToRegistry   spec: 'latest',
12 silly mapToRegistry   type: 'tag' }
13 silly mapToRegistry uri https://registry.npmjs.org/node
14 verbose request uri https://registry.npmjs.org/node
15 verbose request no auth needed
16 info attempt registry request try #1 at 11:00:27 PM
17 verbose request id f3d2dc6f635e3eaa
18 http request GET https://registry.npmjs.org/node
19 http 200 https://registry.npmjs.org/node
20 verbose headers { 'content-type': 'application/json; charset=UTF-8',
20 verbose headers   server: 'UploadServer',
20 verbose headers   'cache-control': 'max-age=300',
20 verbose headers   'last-modified': 'Sat, 9 Dec 2017 4:54:58 GMT',
20 verbose headers   etag: '"5a2b6ca2-529b2"',
20 verbose headers   'content-length': '338354',
20 verbose headers   'accept-ranges': 'bytes',
20 verbose headers   date: 'Tue, 12 Dec 2017 07:00:27 GMT',
20 verbose headers   via: '1.1 varnish',
20 verbose headers   age: '12855',
20 verbose headers   connection: 'keep-alive',
20 verbose headers   'x-served-by': 'cache-sjc3122-SJC',
20 verbose headers   'x-cache': 'HIT',
20 verbose headers   'x-cache-hits': '1',
20 verbose headers   'x-timer': 'S1513062028.902347,VS0,VE6',
20 verbose headers   vary: 'Accept-Encoding, Accept' }
21 silly get cb [ 200,
21 silly get   { 'content-type': 'application/json; charset=UTF-8',
21 silly get     server: 'UploadServer',
21 silly get     'cache-control': 'max-age=300',
21 silly get     'last-modified': 'Sat, 9 Dec 2017 4:54:58 GMT',
21 silly get     etag: '"5a2b6ca2-529b2"',
21 silly get     'content-length': '338354',
21 silly get     'accept-ranges': 'bytes',
21 silly get     date: 'Tue, 12 Dec 2017 07:00:27 GMT',
21 silly get     via: '1.1 varnish',
21 silly get     age: '12855',
21 silly get     connection: 'keep-alive',
21 silly get     'x-served-by': 'cache-sjc3122-SJC',
21 silly get     'x-cache': 'HIT',
21 silly get     'x-cache-hits': '1',
21 silly get     'x-timer': 'S1513062028.902347,VS0,VE6',
21 silly get     vary: 'Accept-Encoding, Accept' } ]
22 verbose get saving node to C:\Users\happy\AppData\Roaming\npm-cache\registry.npmjs.org\node\.cache.json
23 verbose correctMkdir C:\Users\happy\AppData\Roaming\npm-cache correctMkdir not in flight; initializing
24 silly install normalizeTree
25 silly loadCurrentTree Finishing
26 silly loadIdealTree Starting
27 silly install loadIdealTree
28 silly cloneCurrentTree Starting
29 silly install cloneCurrentTreeToIdealTree
30 silly cloneCurrentTree Finishing
31 silly loadShrinkwrap Starting
32 silly install loadShrinkwrap
33 silly loadShrinkwrap Finishing
34 silly loadAllDepsIntoIdealTree Starting
35 silly install loadAllDepsIntoIdealTree
36 silly resolveWithNewModule node@9.2.0 checking installable status
37 silly cache add args [ 'node', null ]
38 verbose cache add spec node
39 silly cache add parsed spec Result {
39 silly cache add   raw: 'node',
39 silly cache add   scope: null,
39 silly cache add   escapedName: 'node',
39 silly cache add   name: 'node',
39 silly cache add   rawSpec: '',
39 silly cache add   spec: 'latest',
39 silly cache add   type: 'tag' }
40 silly addNamed node@latest
41 verbose addNamed "latest" is being treated as a dist-tag for node
42 info addNameTag [ 'node', 'latest' ]
43 silly mapToRegistry name node
44 silly mapToRegistry using default registry
45 silly mapToRegistry registry https://registry.npmjs.org/
46 silly mapToRegistry data Result {
46 silly mapToRegistry   raw: 'node',
46 silly mapToRegistry   scope: null,
46 silly mapToRegistry   escapedName: 'node',
46 silly mapToRegistry   name: 'node',
46 silly mapToRegistry   rawSpec: '',
46 silly mapToRegistry   spec: 'latest',
46 silly mapToRegistry   type: 'tag' }
47 silly mapToRegistry uri https://registry.npmjs.org/node
48 verbose addNameTag registry:https://registry.npmjs.org/node not in flight; fetching
49 verbose get https://registry.npmjs.org/node not expired, no request
50 silly addNameTag next cb for node with tag latest
51 silly addNamed node@9.2.0
52 verbose addNamed "9.2.0" is a plain semver version for node
53 silly mapToRegistry name node
54 silly mapToRegistry using default registry
55 silly mapToRegistry registry https://registry.npmjs.org/
56 silly mapToRegistry data Result {
56 silly mapToRegistry   raw: 'node',
56 silly mapToRegistry   scope: null,
56 silly mapToRegistry   escapedName: 'node',
56 silly mapToRegistry   name: 'node',
56 silly mapToRegistry   rawSpec: '',
56 silly mapToRegistry   spec: 'latest',
56 silly mapToRegistry   type: 'tag' }
57 silly mapToRegistry uri https://registry.npmjs.org/node
58 verbose addRemoteTarball https://registry.npmjs.org/node/-/node-9.2.0.tgz not in flight; adding
59 verbose addRemoteTarball [ 'https://registry.npmjs.org/node/-/node-9.2.0.tgz',
59 verbose addRemoteTarball   '1d2171051dbc1856f993bb0dc72fbfdf4b9c9e62' ]
60 info retry fetch attempt 1 at 11:00:29 PM
61 info attempt registry request try #1 at 11:00:29 PM
62 http fetch GET https://registry.npmjs.org/node/-/node-9.2.0.tgz
63 http fetch 200 https://registry.npmjs.org/node/-/node-9.2.0.tgz
64 silly fetchAndShaCheck shasum 1d2171051dbc1856f993bb0dc72fbfdf4b9c9e62
65 verbose addTmpTarball C:\Users\happy\AppData\Local\Temp\npm-9268-a590336d\registry.npmjs.org\node\-\node-9.2.0.tgz not in flight; adding
66 verbose addTmpTarball already have metadata; skipping unpack for node@9.2.0
67 verbose correctMkdir C:\Users\happy\AppData\Roaming\npm-cache correctMkdir not in flight; initializing
68 silly cache afterAdd node@9.2.0
69 verbose afterAdd C:\Users\happy\AppData\Roaming\npm-cache\node\9.2.0\package\package.json not in flight; writing
70 verbose correctMkdir C:\Users\happy\AppData\Roaming\npm-cache correctMkdir not in flight; initializing
71 verbose afterAdd C:\Users\happy\AppData\Roaming\npm-cache\node\9.2.0\package\package.json written
72 silly fetchNamedPackageData node-bin-setup
73 silly mapToRegistry name node-bin-setup
74 silly mapToRegistry using default registry
75 silly mapToRegistry registry https://registry.npmjs.org/
76 silly mapToRegistry data Result {
76 silly mapToRegistry   raw: 'node-bin-setup',
76 silly mapToRegistry   scope: null,
76 silly mapToRegistry   escapedName: 'node-bin-setup',
76 silly mapToRegistry   name: 'node-bin-setup',
76 silly mapToRegistry   rawSpec: '',
76 silly mapToRegistry   spec: 'latest',
76 silly mapToRegistry   type: 'tag' }
77 silly mapToRegistry uri https://registry.npmjs.org/node-bin-setup
78 verbose request uri https://registry.npmjs.org/node-bin-setup
79 verbose request no auth needed
80 info attempt registry request try #1 at 11:00:29 PM
81 http request GET https://registry.npmjs.org/node-bin-setup
82 http 200 https://registry.npmjs.org/node-bin-setup
83 verbose headers { 'content-type': 'application/json; charset=UTF-8',
83 verbose headers   server: 'UploadServer',
83 verbose headers   'cache-control': 'max-age=300',
83 verbose headers   'last-modified': 'Tue, 25 Jul 2017 3:32:58 GMT',
83 verbose headers   etag: '"5976bbea-1511"',
83 verbose headers   'content-length': '5393',
83 verbose headers   'accept-ranges': 'bytes',
83 verbose headers   date: 'Tue, 12 Dec 2017 07:00:29 GMT',
83 verbose headers   via: '1.1 varnish',
83 verbose headers   age: '12851',
83 verbose headers   connection: 'keep-alive',
83 verbose headers   'x-served-by': 'cache-sjc3122-SJC',
83 verbose headers   'x-cache': 'HIT',
83 verbose headers   'x-cache-hits': '1',
83 verbose headers   'x-timer': 'S1513062030.796888,VS0,VE1',
83 verbose headers   vary: 'Accept-Encoding, Accept' }
84 silly get cb [ 200,
84 silly get   { 'content-type': 'application/json; charset=UTF-8',
84 silly get     server: 'UploadServer',
84 silly get     'cache-control': 'max-age=300',
84 silly get     'last-modified': 'Tue, 25 Jul 2017 3:32:58 GMT',
84 silly get     etag: '"5976bbea-1511"',
84 silly get     'content-length': '5393',
84 silly get     'accept-ranges': 'bytes',
84 silly get     date: 'Tue, 12 Dec 2017 07:00:29 GMT',
84 silly get     via: '1.1 varnish',
84 silly get     age: '12851',
84 silly get     connection: 'keep-alive',
84 silly get     'x-served-by': 'cache-sjc3122-SJC',
84 silly get     'x-cache': 'HIT',
84 silly get     'x-cache-hits': '1',
84 silly get     'x-timer': 'S1513062030.796888,VS0,VE1',
84 silly get     vary: 'Accept-Encoding, Accept' } ]
85 verbose get saving node-bin-setup to C:\Users\happy\AppData\Roaming\npm-cache\registry.npmjs.org\node-bin-setup\.cache.json
86 verbose correctMkdir C:\Users\happy\AppData\Roaming\npm-cache correctMkdir not in flight; initializing
87 silly resolveWithNewModule node-bin-setup@1.0.6 checking installable status
88 silly cache add args [ 'node-bin-setup@^1.0.0', null ]
89 verbose cache add spec node-bin-setup@^1.0.0
90 silly cache add parsed spec Result {
90 silly cache add   raw: 'node-bin-setup@^1.0.0',
90 silly cache add   scope: null,
90 silly cache add   escapedName: 'node-bin-setup',
90 silly cache add   name: 'node-bin-setup',
90 silly cache add   rawSpec: '^1.0.0',
90 silly cache add   spec: '>=1.0.0 <2.0.0',
90 silly cache add   type: 'range' }
91 silly addNamed node-bin-setup@>=1.0.0 <2.0.0
92 verbose addNamed ">=1.0.0 <2.0.0" is a valid semver range for node-bin-setup
93 silly addNameRange { name: 'node-bin-setup',
93 silly addNameRange   range: '>=1.0.0 <2.0.0',
93 silly addNameRange   hasData: false }
94 silly mapToRegistry name node-bin-setup
95 silly mapToRegistry using default registry
96 silly mapToRegistry registry https://registry.npmjs.org/
97 silly mapToRegistry data Result {
97 silly mapToRegistry   raw: 'node-bin-setup',
97 silly mapToRegistry   scope: null,
97 silly mapToRegistry   escapedName: 'node-bin-setup',
97 silly mapToRegistry   name: 'node-bin-setup',
97 silly mapToRegistry   rawSpec: '',
97 silly mapToRegistry   spec: 'latest',
97 silly mapToRegistry   type: 'tag' }
98 silly mapToRegistry uri https://registry.npmjs.org/node-bin-setup
99 verbose addNameRange registry:https://registry.npmjs.org/node-bin-setup not in flight; fetching
100 verbose get https://registry.npmjs.org/node-bin-setup not expired, no request
101 silly addNameRange number 2 { name: 'node-bin-setup',
101 silly addNameRange   range: '>=1.0.0 <2.0.0',
101 silly addNameRange   hasData: true }
102 silly addNameRange versions [ 'node-bin-setup',
102 silly addNameRange   [ '1.0.0', '1.0.1', '1.0.2', '1.0.3', '1.0.4', '1.0.6' ] ]
103 silly addNamed node-bin-setup@1.0.6
104 verbose addNamed "1.0.6" is a plain semver version for node-bin-setup
105 silly mapToRegistry name node-bin-setup
106 silly mapToRegistry using default registry
107 silly mapToRegistry registry https://registry.npmjs.org/
108 silly mapToRegistry data Result {
108 silly mapToRegistry   raw: 'node-bin-setup',
108 silly mapToRegistry   scope: null,
108 silly mapToRegistry   escapedName: 'node-bin-setup',
108 silly mapToRegistry   name: 'node-bin-setup',
108 silly mapToRegistry   rawSpec: '',
108 silly mapToRegistry   spec: 'latest',
108 silly mapToRegistry   type: 'tag' }
109 silly mapToRegistry uri https://registry.npmjs.org/node-bin-setup
110 verbose addRemoteTarball https://registry.npmjs.org/node-bin-setup/-/node-bin-setup-1.0.6.tgz not in flight; adding
111 verbose addRemoteTarball [ 'https://registry.npmjs.org/node-bin-setup/-/node-bin-setup-1.0.6.tgz',
111 verbose addRemoteTarball   '4b5c9bb937ece702d7069b36ca78af4684677528' ]
112 info retry fetch attempt 1 at 11:00:29 PM
113 info attempt registry request try #1 at 11:00:29 PM
114 http fetch GET https://registry.npmjs.org/node-bin-setup/-/node-bin-setup-1.0.6.tgz
115 http fetch 200 https://registry.npmjs.org/node-bin-setup/-/node-bin-setup-1.0.6.tgz
116 silly fetchAndShaCheck shasum 4b5c9bb937ece702d7069b36ca78af4684677528
117 verbose addTmpTarball C:\Users\happy\AppData\Local\Temp\npm-9268-a590336d\registry.npmjs.org\node-bin-setup\-\node-bin-setup-1.0.6.tgz not in flight; adding
118 verbose addTmpTarball already have metadata; skipping unpack for node-bin-setup@1.0.6
119 verbose correctMkdir C:\Users\happy\AppData\Roaming\npm-cache correctMkdir not in flight; initializing
120 silly cache afterAdd node-bin-setup@1.0.6
121 verbose afterAdd C:\Users\happy\AppData\Roaming\npm-cache\node-bin-setup\1.0.6\package\package.json not in flight; writing
122 verbose correctMkdir C:\Users\happy\AppData\Roaming\npm-cache correctMkdir not in flight; initializing
123 verbose afterAdd C:\Users\happy\AppData\Roaming\npm-cache\node-bin-setup\1.0.6\package\package.json written
124 silly loadAllDepsIntoIdealTree Finishing
125 silly loadIdealTree Finishing
126 silly currentTree npm
127 silly idealTree npm
127 silly idealTree `-- node@9.2.0
127 silly idealTree   `-- node-bin-setup@1.0.6
128 silly generateActionsToTake Starting
129 silly install generateActionsToTake
130 silly generateActionsToTake Finishing
131 silly diffTrees action count 2
132 silly diffTrees add node-bin-setup@1.0.6
133 silly diffTrees add node@9.2.0
134 silly decomposeActions action count 16
135 silly decomposeActions fetch node-bin-setup@1.0.6
136 silly decomposeActions extract node-bin-setup@1.0.6
137 silly decomposeActions test node-bin-setup@1.0.6
138 silly decomposeActions preinstall node-bin-setup@1.0.6
139 silly decomposeActions build node-bin-setup@1.0.6
140 silly decomposeActions install node-bin-setup@1.0.6
141 silly decomposeActions postinstall node-bin-setup@1.0.6
142 silly decomposeActions finalize node-bin-setup@1.0.6
143 silly decomposeActions fetch node@9.2.0
144 silly decomposeActions extract node@9.2.0
145 silly decomposeActions test node@9.2.0
146 silly decomposeActions preinstall node@9.2.0
147 silly decomposeActions build node@9.2.0
148 silly decomposeActions install node@9.2.0
149 silly decomposeActions postinstall node@9.2.0
150 silly decomposeActions finalize node@9.2.0
151 silly runTopLevelLifecycles Starting
152 silly executeActions Starting
153 silly install executeActions
154 silly doSerial global-install 0
155 silly doParallel fetch 2
156 verbose correctMkdir C:\Users\happy\AppData\Roaming\npm-cache\_locks correctMkdir not in flight; initializing
157 verbose makeDirectory C:\Users\happy\AppData\Roaming\npm-cache\_locks creation not in flight; initializing
158 verbose makeCacheDir UID & GID are irrelevant on win32
159 verbose lock using C:\Users\happy\AppData\Roaming\npm-cache\_locks\staging-fb2d1d5f1925b480.lock for C:\Users\happy\AppData\Roaming\npm\node_modules\.staging
160 silly doParallel extract 2
161 silly extract node-bin-setup@1.0.6
162 silly extract node@9.2.0
163 verbose unbuild node_modules\.staging\node-bin-setup-7e0b5c02
164 verbose unbuild node_modules\.staging\node-65780f28
165 silly gentlyRm C:\Users\happy\AppData\Roaming\npm\node_modules\.staging\node-bin-setup-7e0b5c02 is being purged from base C:\Users\happy\AppData\Roaming\npm
166 verbose gentlyRm don't care about contents; nuking C:\Users\happy\AppData\Roaming\npm\node_modules\.staging\node-bin-setup-7e0b5c02
167 silly gentlyRm C:\Users\happy\AppData\Roaming\npm\node_modules\.staging\node-65780f28 is being purged from base C:\Users\happy\AppData\Roaming\npm
168 verbose gentlyRm don't care about contents; nuking C:\Users\happy\AppData\Roaming\npm\node_modules\.staging\node-65780f28
169 verbose tar unpack C:\Users\happy\AppData\Roaming\npm-cache\node-bin-setup\1.0.6\package.tgz
170 verbose tar unpacking to C:\Users\happy\AppData\Roaming\npm\node_modules\.staging\node-bin-setup-7e0b5c02
171 silly gentlyRm C:\Users\happy\AppData\Roaming\npm\node_modules\.staging\node-bin-setup-7e0b5c02 is being purged
172 verbose gentlyRm don't care about contents; nuking C:\Users\happy\AppData\Roaming\npm\node_modules\.staging\node-bin-setup-7e0b5c02
173 verbose tar unpack C:\Users\happy\AppData\Roaming\npm-cache\node\9.2.0\package.tgz
174 verbose tar unpacking to C:\Users\happy\AppData\Roaming\npm\node_modules\.staging\node-65780f28
175 silly gentlyRm C:\Users\happy\AppData\Roaming\npm\node_modules\.staging\node-65780f28 is being purged
176 verbose gentlyRm don't care about contents; nuking C:\Users\happy\AppData\Roaming\npm\node_modules\.staging\node-65780f28
177 silly gunzTarPerm modes [ '777', '666' ]
178 silly gunzTarPerm modes [ '777', '666' ]
179 silly gunzTarPerm extractEntry package.json
180 silly gunzTarPerm modified mode [ 'package.json', 420, 438 ]
181 silly gunzTarPerm extractEntry package.json
182 silly gunzTarPerm modified mode [ 'package.json', 420, 438 ]
183 silly gunzTarPerm extractEntry index.js
184 silly gunzTarPerm modified mode [ 'index.js', 420, 438 ]
185 silly gunzTarPerm extractEntry installArchSpecificPackage.js
186 silly gunzTarPerm modified mode [ 'installArchSpecificPackage.js', 420, 438 ]
187 silly gunzTarPerm extractEntry README.md
188 silly gunzTarPerm modified mode [ 'README.md', 420, 438 ]
189 silly gentlyRm C:\Users\happy\AppData\Roaming\npm\node_modules\.staging\node-bin-setup-7e0b5c02\node_modules is being purged
190 verbose gentlyRm don't care about contents; nuking C:\Users\happy\AppData\Roaming\npm\node_modules\.staging\node-bin-setup-7e0b5c02\node_modules
191 silly gentlyRm C:\Users\happy\AppData\Roaming\npm\node_modules\.staging\node-65780f28\node_modules is being purged
192 verbose gentlyRm don't care about contents; nuking C:\Users\happy\AppData\Roaming\npm\node_modules\.staging\node-65780f28\node_modules
193 silly doParallel preinstall 2
194 silly preinstall node-bin-setup@1.0.6 C:\Users\happy\AppData\Roaming\npm\node_modules\.staging\node-bin-setup-7e0b5c02
195 info lifecycle node-bin-setup@1.0.6~preinstall: node-bin-setup@1.0.6
196 silly preinstall node@9.2.0 C:\Users\happy\AppData\Roaming\npm\node_modules\.staging\node-65780f28
197 info lifecycle node@9.2.0~preinstall: node@9.2.0
198 silly lifecycle node-bin-setup@1.0.6~preinstall: no script for preinstall, continuing
199 verbose lifecycle node@9.2.0~preinstall: unsafe-perm in lifecycle true
200 verbose lifecycle node@9.2.0~preinstall: PATH: C:\Program Files\nodejs\node_modules\npm\bin\node-gyp-bin;C:\Users\happy\AppData\Roaming\npm\node_modules\.staging\node-65780f28\node_modules\.bin;C:\Users\happy\AppData\Roaming\npm\node_modules\.bin;C:\Program Files (x86)\NVIDIA Corporation\PhysX\Common;C:\WINDOWS\system32;C:\WINDOWS;C:\WINDOWS\System32\Wbem;C:\WINDOWS\System32\WindowsPowerShell\v1.0\;C:\Program Files\nodejs\;C:\Program Files (x86)\Yarn\bin;C:\Program Files\Git\cmd;C:\Ruby24\bin;C:\RailsInstaller\Git\cmd;C:\RailsInstaller\Ruby2.1.0\bin;C:\Users\happy\AppData\Local\Microsoft\WindowsApps;C:\Users\happy\AppData\Roaming\npm;C:\Users\happy\AppData\Local\Yarn\bin;;C:\Program Files\Microsoft VS Code\bin
201 verbose lifecycle node@9.2.0~preinstall: CWD: C:\Users\happy\AppData\Roaming\npm\node_modules\.staging\node-65780f28
202 silly lifecycle node@9.2.0~preinstall: Args: [ '/d /s /c', 'node installArchSpecificPackage' ]
203 silly lifecycle node@9.2.0~preinstall: Returned: code: 1  signal: null
204 info lifecycle node@9.2.0~preinstall: Failed to exec preinstall script
205 verbose unlock done using C:\Users\happy\AppData\Roaming\npm-cache\_locks\staging-fb2d1d5f1925b480.lock for C:\Users\happy\AppData\Roaming\npm\node_modules\.staging
206 silly rollbackFailedOptional Starting
207 silly rollbackFailedOptional Finishing
208 silly runTopLevelLifecycles Finishing
209 silly install printInstalled
210 verbose stack Error: node@9.2.0 preinstall: `node installArchSpecificPackage`
210 verbose stack Exit status 1
210 verbose stack     at EventEmitter.<anonymous> (C:\Program Files\nodejs\node_modules\npm\lib\utils\lifecycle.js:255:16)
210 verbose stack     at emitTwo (events.js:106:13)
210 verbose stack     at EventEmitter.emit (events.js:191:7)
210 verbose stack     at ChildProcess.<anonymous> (C:\Program Files\nodejs\node_modules\npm\lib\utils\spawn.js:40:14)
210 verbose stack     at emitTwo (events.js:106:13)
210 verbose stack     at ChildProcess.emit (events.js:191:7)
210 verbose stack     at maybeClose (internal/child_process.js:886:16)
210 verbose stack     at Process.ChildProcess._handle.onexit (internal/child_process.js:226:5)
211 verbose pkgid node@9.2.0
212 verbose cwd C:\Users\happy\Desktop\git-projects\expressGenerated
213 error Windows_NT 10.0.17025
214 error argv "C:\\Program Files\\nodejs\\node.exe" "C:\\Program Files\\nodejs\\node_modules\\npm\\bin\\npm-cli.js" "install" "-g" "node"
215 error node v6.10.1
216 error npm  v3.10.10
217 error code ELIFECYCLE
218 error node@9.2.0 preinstall: `node installArchSpecificPackage`
218 error Exit status 1
219 error Failed at the node@9.2.0 preinstall script 'node installArchSpecificPackage'.
219 error Make sure you have the latest version of node.js and npm installed.
219 error If you do, this is most likely a problem with the node package,
219 error not with npm itself.
219 error Tell the author that this fails on your system:
219 error     node installArchSpecificPackage
219 error You can get information on how to open an issue for this project with:
219 error     npm bugs node
219 error Or if that isn't available, you can get their info via:
219 error     npm owner ls node
219 error There is likely additional logging output above.
220 verbose exit [ 1, true ]
